04.01.2021 18:25:25:NestedType: NERV.KnownFolders/KnownFolderFlags
04.01.2021 18:25:25:Type Returned void : 
04.01.2021 18:25:25:Type Returned void : 
04.01.2021 18:25:25:NestedType: NERV.EVA/<CalculateMD5>d__41
04.01.2021 18:25:25:NestedType: NERV.EVA/<>c
04.01.2021 18:25:25:NestedType: NERV.EVA/<ProcessHashes>d__46
04.01.2021 18:25:25:NestedType: NERV.Neocortex/Cerebrum
04.01.2021 18:28:07:NestedType: NERV.KnownFolders/KnownFolderFlags
04.01.2021 18:28:07:Type Returned void : 
04.01.2021 18:28:07:Method Skipped: GetPath
04.01.2021 18:28:07:Method Skipped: GetPath
04.01.2021 18:28:07:Method Skipped: GetDefaultPath
04.01.2021 18:28:07:Method Skipped: GetDefaultPath
04.01.2021 18:28:07:Method Skipped: Initialize
04.01.2021 18:28:07:Method Skipped: Initialize
04.01.2021 18:28:07:Method Skipped: .cctor
04.01.2021 18:28:07:Type Returned void : 
04.01.2021 18:28:07:NestedType: NERV.EVA/<CalculateMD5>d__41
04.01.2021 18:28:07:Field Skipped: <>1__state
04.01.2021 18:28:07:Field Skipped: <>t__builder
04.01.2021 18:28:07:Field Skipped: filename
04.01.2021 18:28:07:Method Skipped: .ctor
04.01.2021 18:28:07:Method Skipped: MoveNext
04.01.2021 18:28:07:Method Skipped: SetStateMachine
04.01.2021 18:28:07:NestedType: NERV.EVA/<>c
04.01.2021 18:28:07:Field Skipped: <>9
04.01.2021 18:28:07:Field Skipped: <>9__44_0
04.01.2021 18:28:07:Field Skipped: <>9__44_1
04.01.2021 18:28:07:Field Skipped: <>9__44_2
04.01.2021 18:28:07:Field Skipped: <>9__44_3
04.01.2021 18:28:07:Field Skipped: <>9__44_4
04.01.2021 18:28:07:Method Skipped: .cctor
04.01.2021 18:28:07:Method Skipped: .ctor
04.01.2021 18:28:07:NestedType: NERV.EVA/<ProcessHashes>d__46
04.01.2021 18:28:07:Field Skipped: <>1__state
04.01.2021 18:28:07:Field Skipped: <>t__builder
04.01.2021 18:28:07:Method Skipped: .ctor
04.01.2021 18:28:07:Method Skipped: MoveNext
04.01.2021 18:28:07:Method Skipped: SetStateMachine
04.01.2021 18:28:07:Field Skipped: client
04.01.2021 18:28:07:Field Skipped: clientsStarted
04.01.2021 18:28:07:Field Skipped: ClientTesting
04.01.2021 18:28:07:Field Skipped: clientThreads
04.01.2021 18:28:07:Field Skipped: data
04.01.2021 18:28:07:Field Skipped: DebugMode
04.01.2021 18:28:07:Field Skipped: dtCreation
04.01.2021 18:28:07:Field Skipped: dtModified
04.01.2021 18:28:07:Field Skipped: Fingerprint
04.01.2021 18:28:07:Field Skipped: headline
04.01.2021 18:28:07:Field Skipped: info
04.01.2021 18:28:07:Field Skipped: R_DAvalible
04.01.2021 18:28:07:Field Skipped: mFolder
04.01.2021 18:28:07:Field Skipped: numIterations
04.01.2021 18:28:07:Field Skipped: rng
04.01.2021 18:28:07:Field Skipped: steamworks
04.01.2021 18:28:07:Field Skipped: ID
04.01.2021 18:28:07:Field Skipped: isEnabled
04.01.2021 18:28:07:Field Skipped: Name
04.01.2021 18:28:07:Field Skipped: UserIP
04.01.2021 18:28:07:Method Skipped: .ctor
04.01.2021 18:28:07:Method Skipped: AbortAll
04.01.2021 18:28:07:Method Skipped: .cctor
04.01.2021 18:28:07:Method Skipped: .ctor
04.01.2021 18:28:07:Method Skipped: get_ResourceManager
04.01.2021 18:28:07:Method Skipped: get_Culture
04.01.2021 18:28:07:Method Skipped: set_Culture
04.01.2021 18:28:07:Method Skipped: get__11
04.01.2021 18:28:07:Method Skipped: get__12
04.01.2021 18:28:07:Method Skipped: get__13
04.01.2021 18:28:07:Method Skipped: get__14
04.01.2021 18:28:07:Method Skipped: get__15
04.01.2021 18:28:07:Method Skipped: get__16
04.01.2021 18:28:07:Method Skipped: get__17
04.01.2021 18:28:07:Method Skipped: get__18
04.01.2021 18:28:07:Method Skipped: get__19
04.01.2021 18:28:07:Method Skipped: get__2
04.01.2021 18:28:07:Method Skipped: get__20
04.01.2021 18:28:07:Method Skipped: get__21
04.01.2021 18:28:07:Method Skipped: get__22
04.01.2021 18:28:07:Method Skipped: get__23
04.01.2021 18:28:07:Method Skipped: get__24
04.01.2021 18:28:07:Method Skipped: get__255
04.01.2021 18:28:07:Method Skipped: get__26
04.01.2021 18:28:07:Method Skipped: get__27
04.01.2021 18:28:07:Method Skipped: get__28
04.01.2021 18:28:07:Method Skipped: get__29
04.01.2021 18:28:07:Method Skipped: get__300
04.01.2021 18:28:07:Method Skipped: get__31
04.01.2021 18:28:07:Method Skipped: get__32
04.01.2021 18:28:07:Method Skipped: get__33
04.01.2021 18:28:07:Method Skipped: get__34
04.01.2021 18:28:07:Method Skipped: get__35
04.01.2021 18:28:07:Method Skipped: get__36
04.01.2021 18:28:07:Method Skipped: get__37
04.01.2021 18:28:07:Method Skipped: get__38
04.01.2021 18:28:07:Method Skipped: get__39
04.01.2021 18:28:07:Method Skipped: get__40
04.01.2021 18:28:07:Method Skipped: get__41
04.01.2021 18:28:07:Method Skipped: get__42
04.01.2021 18:28:07:Method Skipped: get__43
04.01.2021 18:28:07:Method Skipped: get__44
04.01.2021 18:28:07:Method Skipped: get_dns__Rusticaland_QuickLauncher_DNString
04.01.2021 18:28:07:Method Skipped: get_eee333
04.01.2021 18:28:07:Method Skipped: get_EVA_Calculat5__
04.01.2021 18:28:07:Method Skipped: get_EVA_cDirInfo_C__
04.01.2021 18:28:07:Method Skipped: get_EVA_Clienanhazip_c
04.01.2021 18:28:07:Method Skipped: get_EVA_datafileName_chem
04.01.2021 18:28:07:Method Skipped: get_EVA_EVA_Achread
04.01.2021 18:28:07:Method Skipped: get_EVA_GetMachine_Found___0_
04.01.2021 18:28:07:Method Skipped: get_EVA_GetMachineGuid
04.01.2021 18:28:07:Method Skipped: get_EVA_GetMachineGuid_In
04.01.2021 18:28:07:Method Skipped: get_EVA_GetMachinet_Crgraphy
04.01.2021 18:28:07:Method Skipped: get_EVA_GetPrinFingerPrint
04.01.2021 18:28:07:Method Skipped: get_EVA_GetPrit_
04.01.2021 18:28:07:Method Skipped: get_EVA_Gie
04.01.2021 18:28:07:Method Skipped: get_EVA_GiFiles____
04.01.2021 18:28:07:Method Skipped: get_EVA_Giv____
04.01.2021 18:28:07:Method Skipped: get_EVA_GiveAl_dll
04.01.2021 18:28:07:Method Skipped: get_EVA_GiveAlahk
04.01.2021 18:28:07:Method Skipped: get_EVA_GiveAllFiles_23
04.01.2021 18:28:07:Method Skipped: get_EVA_GiveAllFiles_23334
04.01.2021 18:28:07:Method Skipped: get_EVA_GiveAllFiles_234
04.01.2021 18:28:07:Method Skipped: get_EVA_GiveAllFiles_456
04.01.2021 18:28:07:Method Skipped: get_EVA_GiveAllFiles_4588
04.01.2021 18:28:07:Method Skipped: get_EVA_GiveAllFiles_55
04.01.2021 18:28:07:Method Skipped: get_EVA_Init345t
04.01.2021 18:28:07:Method Skipped: get_EVA_Initi7hrea78d
04.01.2021 18:28:07:Method Skipped: get_EVA_InitialStart_777fetched
04.01.2021 18:28:07:Method Skipped: get_EVA_InitL4
04.01.2021 18:28:07:Method Skipped: get_EVA_InitL567
04.01.2021 18:28:07:Method Skipped: get_EVA_InitLefef
04.01.2021 18:28:07:Method Skipped: get_EVA_InitLoade6777r_
04.01.2021 18:28:07:Method Skipped: get_EVA_InitLoader__png56565
04.01.2021 18:28:07:Method Skipped: get_EVA_InitLoader__txt33
04.01.2021 18:28:07:Method Skipped: get_EVA_InitLoader_Uni4554ty
04.01.2021 18:28:07:Method Skipped: get_EVA_InitLoatzzuder_
04.01.2021 18:28:07:Method Skipped: get_EVA_Message67Received_
04.01.2021 18:28:07:Method Skipped: get_EVA_MessageR45__1_6
04.01.2021 18:28:07:Method Skipped: get_EVA_MessageReceissssved____
04.01.2021 18:28:07:Method Skipped: get_EVA_MessageReceived_5656ex
04.01.2021 18:28:07:Method Skipped: get_EVA_MessageReceived_ISNULL54
04.01.2021 18:28:07:Method Skipped: get_EVA_MessageReceivedweerr
04.01.2021 18:28:07:Method Skipped: get_EVA_Pr90shes_
04.01.2021 18:28:07:Method Skipped: get_EVA_Proce90
04.01.2021 18:28:07:Method Skipped: get_EVA_serverI14
04.01.2021 18:28:07:Method Skipped: get_EVA_tempStorage_Cage_
04.01.2021 18:28:07:Method Skipped: get_InitLoader__0__1_ee
04.01.2021 18:28:07:Method Skipped: get_KnownFolders_on_ts
04.01.2021 18:28:07:Method Skipped: get_loadup_FILEDOESNTEXIST___
04.01.2021 18:28:07:Method Skipped: get_location__0__1_
04.01.2021 18:28:07:Method Skipped: get_OptLoadeopt
04.01.2021 18:28:07:Method Skipped: get_OptLoader_saher_
04.01.2021 18:28:07:Method Skipped: get_Proce2ecess
04.01.2021 18:28:07:Method Skipped: get_ProcessHaj6
04.01.2021 18:28:07:Method Skipped: get_ProcessIn2e2erocesses_____root_CIMV2
04.01.2021 18:28:07:Method Skipped: get_ProcessInf2e2e2Info_
04.01.2021 18:28:07:Method Skipped: get_ProcessInfeeo_OnEvene
04.01.2021 18:28:07:Method Skipped: get_ProcessInfo_OnEveeevent
04.01.2021 18:28:07:Method Skipped: get_ProcessInfo_PreInfo__2
04.01.2021 18:28:07:Method Skipped: get_ProcessInfo_RunningProcesses_Caption
04.01.2021 18:28:07:Method Skipped: get_ProcessInfo_RunningProcesses_ExecutablePath
04.01.2021 18:28:07:Method Skipped: get_ProcessInfo_RunningProcesses_Name
04.01.2021 18:28:07:Method Skipped: get_ProcessInfo_RunningProcesses_Path
04.01.2021 18:28:07:Method Skipped: get_ProcessInfo_RunningProcesses_ProcessId
04.01.2021 18:28:07:Method Skipped: get_ProcessInfo_RunningProcesses_System_Int32
04.01.2021 18:28:07:Method Skipped: get_ProcessInfo_RunningProcesses_System_String
04.01.2021 18:28:07:Method Skipped: _logger_
04.01.2021 18:28:07:Method Skipped: .ctor
04.01.2021 18:28:07:NestedType: NERV.Neocortex/Cerebrum
04.01.2021 18:28:07:Method Skipped: .ctor
04.01.2021 18:28:07:Field Skipped: location
04.01.2021 18:28:07:Method Skipped: loadup
04.01.2021 18:28:07:Method Skipped: .cctor
04.01.2021 18:28:07:Field Skipped: sww
04.01.2021 18:28:07:Method Skipped: .ctor
04.01.2021 19:40:00:NestedType: NERV.KFF/KnownFolderFlag
04.01.2021 19:40:00:Type Returned void : 
04.01.2021 19:40:00:Field Skipped: Desktop
04.01.2021 19:40:00:Field Skipped: Docs
04.01.2021 19:40:00:Field Skipped: Dls
04.01.2021 19:40:00:Field Skipped: recent
04.01.2021 19:40:00:Field Skipped: Locapdat
04.01.2021 19:40:00:Field Skipped: roaminapp
04.01.2021 19:40:00:Method Skipped: GetFolderFromKnownFolderGUID
04.01.2021 19:40:00:Method Skipped: EnumerateKnownFolders
04.01.2021 19:40:00:Method Skipped: .cctor
04.01.2021 19:40:00:NestedType: NERV.EVA/<CalculateMD5>d__41
04.01.2021 19:40:00:Field Skipped: <>1__state
04.01.2021 19:40:00:Field Skipped: <>t__builder
04.01.2021 19:40:00:Field Skipped: filename
04.01.2021 19:40:00:Method Skipped: .ctor
04.01.2021 19:40:00:Method Skipped: MoveNext
04.01.2021 19:40:00:Method Skipped: SetStateMachine
04.01.2021 19:40:00:NestedType: NERV.EVA/<>c
04.01.2021 19:40:00:Field Skipped: <>9
04.01.2021 19:40:00:Field Skipped: <>9__44_0
04.01.2021 19:40:00:Field Skipped: <>9__44_1
04.01.2021 19:40:00:Field Skipped: <>9__44_2
04.01.2021 19:40:00:Field Skipped: <>9__44_3
04.01.2021 19:40:00:Field Skipped: <>9__44_4
04.01.2021 19:40:00:Method Skipped: .cctor
04.01.2021 19:40:00:Method Skipped: .ctor
04.01.2021 19:40:00:NestedType: NERV.EVA/<ProcessHashes>d__46
04.01.2021 19:40:00:Field Skipped: <>1__state
04.01.2021 19:40:00:Field Skipped: <>t__builder
04.01.2021 19:40:00:Method Skipped: .ctor
04.01.2021 19:40:00:Method Skipped: MoveNext
04.01.2021 19:40:00:Method Skipped: SetStateMachine
04.01.2021 19:40:00:Field Skipped: client
04.01.2021 19:40:00:Field Skipped: clientsStarted
04.01.2021 19:40:00:Field Skipped: ClientTesting
04.01.2021 19:40:00:Field Skipped: clientThreads
04.01.2021 19:40:00:Field Skipped: data
04.01.2021 19:40:00:Field Skipped: DebugMode
04.01.2021 19:40:00:Field Skipped: dtCreation
04.01.2021 19:40:00:Field Skipped: dtModified
04.01.2021 19:40:00:Field Skipped: Fingerprint
04.01.2021 19:40:00:Field Skipped: headline
04.01.2021 19:40:00:Field Skipped: info
04.01.2021 19:40:00:Field Skipped: R_DAvalible
04.01.2021 19:40:00:Field Skipped: mFolder
04.01.2021 19:40:00:Field Skipped: numIterations
04.01.2021 19:40:00:Field Skipped: rng
04.01.2021 19:40:00:Field Skipped: steamworks
04.01.2021 19:40:00:Field Skipped: ID
04.01.2021 19:40:00:Field Skipped: isEnabled
04.01.2021 19:40:00:Field Skipped: Name
04.01.2021 19:40:00:Field Skipped: UserIP
04.01.2021 19:40:00:Method Skipped: .ctor
04.01.2021 19:40:00:Method Skipped: AbortAll
04.01.2021 19:40:00:Method Skipped: .cctor
04.01.2021 19:40:00:Method Skipped: .ctor
04.01.2021 19:40:00:Method Skipped: get_ResourceManager
04.01.2021 19:40:00:Method Skipped: get_Culture
04.01.2021 19:40:00:Method Skipped: set_Culture
04.01.2021 19:40:00:Method Skipped: get__11
04.01.2021 19:40:00:Method Skipped: get__12
04.01.2021 19:40:00:Method Skipped: get__13
04.01.2021 19:40:00:Method Skipped: get__14
04.01.2021 19:40:00:Method Skipped: get__15
04.01.2021 19:40:00:Method Skipped: get__16
04.01.2021 19:40:00:Method Skipped: get__17
04.01.2021 19:40:00:Method Skipped: get__18
04.01.2021 19:40:00:Method Skipped: get__19
04.01.2021 19:40:00:Method Skipped: get__2
04.01.2021 19:40:00:Method Skipped: get__20
04.01.2021 19:40:00:Method Skipped: get__21
04.01.2021 19:40:00:Method Skipped: get__22
04.01.2021 19:40:00:Method Skipped: get__23
04.01.2021 19:40:00:Method Skipped: get__24
04.01.2021 19:40:00:Method Skipped: get__255
04.01.2021 19:40:00:Method Skipped: get__26
04.01.2021 19:40:00:Method Skipped: get__27
04.01.2021 19:40:00:Method Skipped: get__28
04.01.2021 19:40:00:Method Skipped: get__29
04.01.2021 19:40:00:Method Skipped: get__300
04.01.2021 19:40:00:Method Skipped: get__31
04.01.2021 19:40:00:Method Skipped: get__32
04.01.2021 19:40:00:Method Skipped: get__33
04.01.2021 19:40:00:Method Skipped: get__34
04.01.2021 19:40:00:Method Skipped: get__35
04.01.2021 19:40:00:Method Skipped: get__36
04.01.2021 19:40:00:Method Skipped: get__37
04.01.2021 19:40:00:Method Skipped: get__38
04.01.2021 19:40:00:Method Skipped: get__39
04.01.2021 19:40:00:Method Skipped: get__40
04.01.2021 19:40:00:Method Skipped: get__41
04.01.2021 19:40:00:Method Skipped: get__42
04.01.2021 19:40:00:Method Skipped: get__43
04.01.2021 19:40:00:Method Skipped: get__44
04.01.2021 19:40:00:Method Skipped: get_Desktop_B4
04.01.2021 19:40:00:Method Skipped: get_Dls_
04.01.2021 19:40:00:Method Skipped: get_dns__Rusticaland_QuickLauncher_DNString
04.01.2021 19:40:00:Method Skipped: get_Docs_FD
04.01.2021 19:40:00:Method Skipped: get_eee333
04.01.2021 19:40:00:Method Skipped: get_EnumerateKnownFolders_wdd
04.01.2021 19:40:00:Method Skipped: get_EVA_Calculat5__
04.01.2021 19:40:00:Method Skipped: get_EVA_cDirInfo_C__
04.01.2021 19:40:00:Method Skipped: get_EVA_Clienanhazip_c
04.01.2021 19:40:00:Method Skipped: get_EVA_datafileName_chem
04.01.2021 19:40:00:Method Skipped: get_EVA_EVA_Achread
04.01.2021 19:40:00:Method Skipped: get_EVA_GetMachine_Found___0_
04.01.2021 19:40:00:Method Skipped: get_EVA_GetMachineGuid
04.01.2021 19:40:00:Method Skipped: get_EVA_GetMachineGuid_In
04.01.2021 19:40:00:Method Skipped: get_EVA_GetMachinet_Crgraphy
04.01.2021 19:40:00:Method Skipped: get_EVA_GetPrinFingerPrint
04.01.2021 19:40:00:Method Skipped: get_EVA_GetPrit_
04.01.2021 19:40:00:Method Skipped: get_EVA_Gie
04.01.2021 19:40:00:Method Skipped: get_EVA_GiFiles____
04.01.2021 19:40:00:Method Skipped: get_EVA_Giv____
04.01.2021 19:40:00:Method Skipped: get_EVA_GiveAl_dll
04.01.2021 19:40:00:Method Skipped: get_EVA_GiveAlahk
04.01.2021 19:40:00:Method Skipped: get_EVA_GiveAllFiles_23
04.01.2021 19:40:00:Method Skipped: get_EVA_GiveAllFiles_23334
04.01.2021 19:40:00:Method Skipped: get_EVA_GiveAllFiles_234
04.01.2021 19:40:00:Method Skipped: get_EVA_GiveAllFiles_456
04.01.2021 19:40:00:Method Skipped: get_EVA_GiveAllFiles_4588
04.01.2021 19:40:00:Method Skipped: get_EVA_GiveAllFiles_55
04.01.2021 19:40:00:Method Skipped: get_EVA_Init345t
04.01.2021 19:40:00:Method Skipped: get_EVA_Initi7hrea78d
04.01.2021 19:40:00:Method Skipped: get_EVA_InitialStart_777fetched
04.01.2021 19:40:00:Method Skipped: get_EVA_InitL4
04.01.2021 19:40:00:Method Skipped: get_EVA_InitL567
04.01.2021 19:40:00:Method Skipped: get_EVA_InitLefef
04.01.2021 19:40:00:Method Skipped: get_EVA_InitLoade6777r_
04.01.2021 19:40:00:Method Skipped: get_EVA_InitLoader__png56565
04.01.2021 19:40:00:Method Skipped: get_EVA_InitLoader__txt33
04.01.2021 19:40:00:Method Skipped: get_EVA_InitLoader_Uni4554ty
04.01.2021 19:40:00:Method Skipped: get_EVA_InitLoatzzuder_
04.01.2021 19:40:00:Method Skipped: get_EVA_Message67Received_
04.01.2021 19:40:00:Method Skipped: get_EVA_MessageR45__1_6
04.01.2021 19:40:00:Method Skipped: get_EVA_MessageReceissssved____
04.01.2021 19:40:00:Method Skipped: get_EVA_MessageReceived_5656ex
04.01.2021 19:40:00:Method Skipped: get_EVA_MessageReceived_ISNULL54
04.01.2021 19:40:00:Method Skipped: get_EVA_MessageReceivedweerr
04.01.2021 19:40:00:Method Skipped: get_EVA_Pr90shes_
04.01.2021 19:40:00:Method Skipped: get_EVA_Proce90
04.01.2021 19:40:00:Method Skipped: get_EVA_serverI14
04.01.2021 19:40:00:Method Skipped: get_EVA_tempStorage_Cage_
04.01.2021 19:40:00:Method Skipped: get_InitLoader__0__1_ee
04.01.2021 19:40:00:Method Skipped: get_KnownFolders_on_ts
04.01.2021 19:40:00:Method Skipped: get_loadup_FILEDOESNTEXIST___
04.01.2021 19:40:00:Method Skipped: get_Locapdat_F1
04.01.2021 19:40:00:Method Skipped: get_location__0__1_
04.01.2021 19:40:00:Method Skipped: get_OptLoadeopt
04.01.2021 19:40:00:Method Skipped: get_OptLoader_saher_
04.01.2021 19:40:00:Method Skipped: get_Proce2ecess
04.01.2021 19:40:00:Method Skipped: get_ProcessHaj6
04.01.2021 19:40:00:Method Skipped: get_ProcessIn2e2erocesses_____root_CIMV2
04.01.2021 19:40:00:Method Skipped: get_ProcessInf2e2e2Info_
04.01.2021 19:40:00:Method Skipped: get_ProcessInfeeo_OnEvene
04.01.2021 19:40:00:Method Skipped: get_ProcessInfo_OnEveeevent
04.01.2021 19:40:00:Method Skipped: get_ProcessInfo_PreInfo__2
04.01.2021 19:40:00:Method Skipped: get_ProcessInfo_RunningProcesses_Caption
04.01.2021 19:40:00:Method Skipped: get_ProcessInfo_RunningProcesses_ExecutablePath
04.01.2021 19:40:00:Method Skipped: get_ProcessInfo_RunningProcesses_Name
04.01.2021 19:40:00:Method Skipped: get_ProcessInfo_RunningProcesses_Path
04.01.2021 19:40:00:Method Skipped: get_ProcessInfo_RunningProcesses_ProcessId
04.01.2021 19:40:00:Method Skipped: get_ProcessInfo_RunningProcesses_System_Int32
04.01.2021 19:40:00:Method Skipped: get_ProcessInfo_RunningProcesses_System_String
04.01.2021 19:40:00:Method Skipped: get_recent_AE
04.01.2021 19:40:00:Method Skipped: get_roaminap
04.01.2021 19:40:00:Method Skipped: _logger_
04.01.2021 19:40:00:Method Skipped: .ctor
04.01.2021 19:40:00:NestedType: NERV.Neocortex/Cerebrum
04.01.2021 19:40:00:Method Skipped: .ctor
04.01.2021 19:40:00:Field Skipped: location
04.01.2021 19:40:00:Method Skipped: loadup
04.01.2021 19:40:00:Method Skipped: .cctor
04.01.2021 19:40:00:Field Skipped: sww
04.01.2021 19:40:00:Method Skipped: .ctor
04.01.2021 19:53:43:NestedType: NERV.KFF/KnownFolderFlag
04.01.2021 19:53:43:Type Returned void : 
04.01.2021 19:53:43:Field Skipped: Desktop
04.01.2021 19:53:43:Field Skipped: Docs
04.01.2021 19:53:43:Field Skipped: Dls
04.01.2021 19:53:43:Field Skipped: recent
04.01.2021 19:53:43:Field Skipped: Locapdat
04.01.2021 19:53:43:Field Skipped: roaminapp
04.01.2021 19:53:43:Method Skipped: GetFolderFromKnownFolderGUID
04.01.2021 19:53:43:Method Skipped: EnumerateKnownFolders
04.01.2021 19:53:43:Method Skipped: .cctor
04.01.2021 19:53:43:NestedType: NERV.EVA/<CalculateMD5>d__41
04.01.2021 19:53:43:Field Skipped: <>1__state
04.01.2021 19:53:43:Field Skipped: <>t__builder
04.01.2021 19:53:43:Field Skipped: filename
04.01.2021 19:53:43:Method Skipped: .ctor
04.01.2021 19:53:43:Method Skipped: MoveNext
04.01.2021 19:53:43:Method Skipped: SetStateMachine
04.01.2021 19:53:43:NestedType: NERV.EVA/<>c
04.01.2021 19:53:43:Field Skipped: <>9
04.01.2021 19:53:43:Field Skipped: <>9__44_0
04.01.2021 19:53:43:Field Skipped: <>9__44_1
04.01.2021 19:53:43:Field Skipped: <>9__44_2
04.01.2021 19:53:43:Field Skipped: <>9__44_3
04.01.2021 19:53:43:Field Skipped: <>9__44_4
04.01.2021 19:53:43:Method Skipped: .cctor
04.01.2021 19:53:43:Method Skipped: .ctor
04.01.2021 19:53:43:NestedType: NERV.EVA/<ProcessHashes>d__46
04.01.2021 19:53:43:Field Skipped: <>1__state
04.01.2021 19:53:43:Field Skipped: <>t__builder
04.01.2021 19:53:43:Method Skipped: .ctor
04.01.2021 19:53:43:Method Skipped: MoveNext
04.01.2021 19:53:43:Method Skipped: SetStateMachine
04.01.2021 19:53:43:Field Skipped: client
04.01.2021 19:53:43:Field Skipped: clientsStarted
04.01.2021 19:53:43:Field Skipped: ClientTesting
04.01.2021 19:53:43:Field Skipped: clientThreads
04.01.2021 19:53:43:Field Skipped: data
04.01.2021 19:53:43:Field Skipped: DebugMode
04.01.2021 19:53:43:Field Skipped: dtCreation
04.01.2021 19:53:43:Field Skipped: dtModified
04.01.2021 19:53:43:Field Skipped: Fingerprint
04.01.2021 19:53:43:Field Skipped: headline
04.01.2021 19:53:43:Field Skipped: info
04.01.2021 19:53:43:Field Skipped: R_DAvalible
04.01.2021 19:53:43:Field Skipped: mFolder
04.01.2021 19:53:43:Field Skipped: numIterations
04.01.2021 19:53:43:Field Skipped: rng
04.01.2021 19:53:43:Field Skipped: steamworks
04.01.2021 19:53:43:Field Skipped: ID
04.01.2021 19:53:43:Field Skipped: isEnabled
04.01.2021 19:53:43:Field Skipped: Name
04.01.2021 19:53:43:Field Skipped: UserIP
04.01.2021 19:53:43:Method Skipped: .ctor
04.01.2021 19:53:43:Method Skipped: AbortAll
04.01.2021 19:53:43:Method Skipped: .cctor
04.01.2021 19:53:43:Method Skipped: .ctor
04.01.2021 19:53:43:Method Skipped: get_ResourceManager
04.01.2021 19:53:43:Method Skipped: get_Culture
04.01.2021 19:53:43:Method Skipped: set_Culture
04.01.2021 19:53:43:Method Skipped: get__11
04.01.2021 19:53:43:Method Skipped: get__12
04.01.2021 19:53:43:Method Skipped: get__13
04.01.2021 19:53:43:Method Skipped: get__14
04.01.2021 19:53:43:Method Skipped: get__15
04.01.2021 19:53:43:Method Skipped: get__16
04.01.2021 19:53:43:Method Skipped: get__17
04.01.2021 19:53:43:Method Skipped: get__18
04.01.2021 19:53:43:Method Skipped: get__19
04.01.2021 19:53:43:Method Skipped: get__2
04.01.2021 19:53:43:Method Skipped: get__20
04.01.2021 19:53:43:Method Skipped: get__21
04.01.2021 19:53:43:Method Skipped: get__22
04.01.2021 19:53:43:Method Skipped: get__23
04.01.2021 19:53:43:Method Skipped: get__24
04.01.2021 19:53:43:Method Skipped: get__255
04.01.2021 19:53:43:Method Skipped: get__26
04.01.2021 19:53:43:Method Skipped: get__27
04.01.2021 19:53:43:Method Skipped: get__28
04.01.2021 19:53:43:Method Skipped: get__29
04.01.2021 19:53:43:Method Skipped: get__300
04.01.2021 19:53:43:Method Skipped: get__31
04.01.2021 19:53:43:Method Skipped: get__32
04.01.2021 19:53:43:Method Skipped: get__33
04.01.2021 19:53:43:Method Skipped: get__34
04.01.2021 19:53:43:Method Skipped: get__35
04.01.2021 19:53:43:Method Skipped: get__36
04.01.2021 19:53:43:Method Skipped: get__37
04.01.2021 19:53:43:Method Skipped: get__38
04.01.2021 19:53:43:Method Skipped: get__39
04.01.2021 19:53:43:Method Skipped: get__40
04.01.2021 19:53:43:Method Skipped: get__41
04.01.2021 19:53:43:Method Skipped: get__42
04.01.2021 19:53:43:Method Skipped: get__43
04.01.2021 19:53:43:Method Skipped: get__44
04.01.2021 19:53:43:Method Skipped: get_Desktop_B4
04.01.2021 19:53:43:Method Skipped: get_Dls_
04.01.2021 19:53:43:Method Skipped: get_dns__Rusticaland_QuickLauncher_DNString
04.01.2021 19:53:43:Method Skipped: get_Docs_FD
04.01.2021 19:53:43:Method Skipped: get_eee333
04.01.2021 19:53:43:Method Skipped: get_EnumerateKnownFolders_wdd
04.01.2021 19:53:43:Method Skipped: get_EVA_Calculat5__
04.01.2021 19:53:43:Method Skipped: get_EVA_cDirInfo_C__
04.01.2021 19:53:43:Method Skipped: get_EVA_Clienanhazip_c
04.01.2021 19:53:43:Method Skipped: get_EVA_datafileName_chem
04.01.2021 19:53:43:Method Skipped: get_EVA_EVA_Achread
04.01.2021 19:53:43:Method Skipped: get_EVA_GetMachine_Found___0_
04.01.2021 19:53:43:Method Skipped: get_EVA_GetMachineGuid
04.01.2021 19:53:43:Method Skipped: get_EVA_GetMachineGuid_In
04.01.2021 19:53:43:Method Skipped: get_EVA_GetMachinet_Crgraphy
04.01.2021 19:53:43:Method Skipped: get_EVA_GetPrinFingerPrint
04.01.2021 19:53:43:Method Skipped: get_EVA_GetPrit_
04.01.2021 19:53:43:Method Skipped: get_EVA_Gie
04.01.2021 19:53:43:Method Skipped: get_EVA_GiFiles____
04.01.2021 19:53:43:Method Skipped: get_EVA_Giv____
04.01.2021 19:53:43:Method Skipped: get_EVA_GiveAl_dll
04.01.2021 19:53:43:Method Skipped: get_EVA_GiveAlahk
04.01.2021 19:53:43:Method Skipped: get_EVA_GiveAllFiles_23
04.01.2021 19:53:43:Method Skipped: get_EVA_GiveAllFiles_23334
04.01.2021 19:53:43:Method Skipped: get_EVA_GiveAllFiles_234
04.01.2021 19:53:43:Method Skipped: get_EVA_GiveAllFiles_456
04.01.2021 19:53:43:Method Skipped: get_EVA_GiveAllFiles_4588
04.01.2021 19:53:43:Method Skipped: get_EVA_GiveAllFiles_55
04.01.2021 19:53:43:Method Skipped: get_EVA_Init345t
04.01.2021 19:53:43:Method Skipped: get_EVA_Initi7hrea78d
04.01.2021 19:53:43:Method Skipped: get_EVA_InitialStart_777fetched
04.01.2021 19:53:43:Method Skipped: get_EVA_InitL4
04.01.2021 19:53:43:Method Skipped: get_EVA_InitL567
04.01.2021 19:53:43:Method Skipped: get_EVA_InitLefef
04.01.2021 19:53:43:Method Skipped: get_EVA_InitLoade6777r_
04.01.2021 19:53:43:Method Skipped: get_EVA_InitLoader__png56565
04.01.2021 19:53:43:Method Skipped: get_EVA_InitLoader__txt33
04.01.2021 19:53:43:Method Skipped: get_EVA_InitLoader_Uni4554ty
04.01.2021 19:53:43:Method Skipped: get_EVA_InitLoatzzuder_
04.01.2021 19:53:43:Method Skipped: get_EVA_Message67Received_
04.01.2021 19:53:43:Method Skipped: get_EVA_MessageR45__1_6
04.01.2021 19:53:43:Method Skipped: get_EVA_MessageReceissssved____
04.01.2021 19:53:43:Method Skipped: get_EVA_MessageReceived_5656ex
04.01.2021 19:53:43:Method Skipped: get_EVA_MessageReceived_ISNULL54
04.01.2021 19:53:43:Method Skipped: get_EVA_MessageReceivedweerr
04.01.2021 19:53:43:Method Skipped: get_EVA_Pr90shes_
04.01.2021 19:53:43:Method Skipped: get_EVA_Proce90
04.01.2021 19:53:43:Method Skipped: get_EVA_serverI14
04.01.2021 19:53:43:Method Skipped: get_EVA_tempStorage_Cage_
04.01.2021 19:53:43:Method Skipped: get_InitLoader__0__1_ee
04.01.2021 19:53:43:Method Skipped: get_KnownFolders_on_ts
04.01.2021 19:53:43:Method Skipped: get_loadup_FILEDOESNTEXIST___
04.01.2021 19:53:43:Method Skipped: get_Locapdat_F1
04.01.2021 19:53:43:Method Skipped: get_location__0__1_
04.01.2021 19:53:43:Method Skipped: get_OptLoadeopt
04.01.2021 19:53:43:Method Skipped: get_OptLoader_saher_
04.01.2021 19:53:43:Method Skipped: get_Proce2ecess
04.01.2021 19:53:43:Method Skipped: get_ProcessHaj6
04.01.2021 19:53:43:Method Skipped: get_ProcessIn2e2erocesses_____root_CIMV2
04.01.2021 19:53:43:Method Skipped: get_ProcessInf2e2e2Info_
04.01.2021 19:53:43:Method Skipped: get_ProcessInfeeo_OnEvene
04.01.2021 19:53:43:Method Skipped: get_ProcessInfo_OnEveeevent
04.01.2021 19:53:43:Method Skipped: get_ProcessInfo_PreInfo__2
04.01.2021 19:53:43:Method Skipped: get_ProcessInfo_RunningProcesses_Caption
04.01.2021 19:53:43:Method Skipped: get_ProcessInfo_RunningProcesses_ExecutablePath
04.01.2021 19:53:43:Method Skipped: get_ProcessInfo_RunningProcesses_Name
04.01.2021 19:53:43:Method Skipped: get_ProcessInfo_RunningProcesses_Path
04.01.2021 19:53:43:Method Skipped: get_ProcessInfo_RunningProcesses_ProcessId
04.01.2021 19:53:43:Method Skipped: get_ProcessInfo_RunningProcesses_System_Int32
04.01.2021 19:53:43:Method Skipped: get_ProcessInfo_RunningProcesses_System_String
04.01.2021 19:53:43:Method Skipped: get_recent_AE
04.01.2021 19:53:43:Method Skipped: get_roaminap
04.01.2021 19:53:43:Method Skipped: _logger_
04.01.2021 19:53:43:Method Skipped: .ctor
04.01.2021 19:53:43:NestedType: NERV.Neocortex/Cerebrum
04.01.2021 19:53:43:Method Skipped: .ctor
04.01.2021 19:53:43:Field Skipped: location
04.01.2021 19:53:43:Method Skipped: loadup
04.01.2021 19:53:43:Method Skipped: .cctor
04.01.2021 19:53:43:Field Skipped: sww
04.01.2021 19:53:43:Method Skipped: .ctor
04.01.2021 19:54:17:NestedType: NERV.KFF/KnownFolderFlag
04.01.2021 19:54:17:Type Returned void : 
04.01.2021 19:54:17:Method Skipped: .cctor
04.01.2021 19:54:17:NestedType: NERV.EVA/<CalculateMD5>d__41
04.01.2021 19:54:17:Method Skipped: .ctor
04.01.2021 19:54:17:Method Skipped: MoveNext
04.01.2021 19:54:17:Method Skipped: SetStateMachine
04.01.2021 19:54:17:NestedType: NERV.EVA/<>c
04.01.2021 19:54:17:Method Skipped: .cctor
04.01.2021 19:54:17:Method Skipped: .ctor
04.01.2021 19:54:17:NestedType: NERV.EVA/<ProcessHashes>d__46
04.01.2021 19:54:17:Method Skipped: .ctor
04.01.2021 19:54:17:Method Skipped: MoveNext
04.01.2021 19:54:17:Method Skipped: SetStateMachine
04.01.2021 19:54:17:Method Skipped: .ctor
04.01.2021 19:54:17:Method Skipped: .cctor
04.01.2021 19:54:17:Method Skipped: .ctor
04.01.2021 19:54:17:Method Skipped: get_ResourceManager
04.01.2021 19:54:17:Method Skipped: get_Culture
04.01.2021 19:54:17:Method Skipped: set_Culture
04.01.2021 19:54:17:Method Skipped: get__11
04.01.2021 19:54:17:Method Skipped: get__12
04.01.2021 19:54:17:Method Skipped: get__13
04.01.2021 19:54:17:Method Skipped: get__14
04.01.2021 19:54:17:Method Skipped: get__15
04.01.2021 19:54:17:Method Skipped: get__16
04.01.2021 19:54:17:Method Skipped: get__17
04.01.2021 19:54:17:Method Skipped: get__18
04.01.2021 19:54:17:Method Skipped: get__19
04.01.2021 19:54:17:Method Skipped: get__2
04.01.2021 19:54:17:Method Skipped: get__20
04.01.2021 19:54:17:Method Skipped: get__21
04.01.2021 19:54:17:Method Skipped: get__22
04.01.2021 19:54:17:Method Skipped: get__23
04.01.2021 19:54:17:Method Skipped: get__24
04.01.2021 19:54:17:Method Skipped: get__255
04.01.2021 19:54:17:Method Skipped: get__26
04.01.2021 19:54:17:Method Skipped: get__27
04.01.2021 19:54:17:Method Skipped: get__28
04.01.2021 19:54:17:Method Skipped: get__29
04.01.2021 19:54:17:Method Skipped: get__300
04.01.2021 19:54:17:Method Skipped: get__31
04.01.2021 19:54:17:Method Skipped: get__32
04.01.2021 19:54:17:Method Skipped: get__33
04.01.2021 19:54:17:Method Skipped: get__34
04.01.2021 19:54:17:Method Skipped: get__35
04.01.2021 19:54:17:Method Skipped: get__36
04.01.2021 19:54:17:Method Skipped: get__37
04.01.2021 19:54:17:Method Skipped: get__38
04.01.2021 19:54:17:Method Skipped: get__39
04.01.2021 19:54:17:Method Skipped: get__40
04.01.2021 19:54:17:Method Skipped: get__41
04.01.2021 19:54:17:Method Skipped: get__42
04.01.2021 19:54:17:Method Skipped: get__43
04.01.2021 19:54:17:Method Skipped: get__44
04.01.2021 19:54:17:Method Skipped: get_Desktop_B4
04.01.2021 19:54:17:Method Skipped: get_Dls_
04.01.2021 19:54:17:Method Skipped: get_dns__Rusticaland_QuickLauncher_DNString
04.01.2021 19:54:17:Method Skipped: get_Docs_FD
04.01.2021 19:54:17:Method Skipped: get_eee333
04.01.2021 19:54:17:Method Skipped: get_EnumerateKnownFolders_wdd
04.01.2021 19:54:17:Method Skipped: get_EVA_Calculat5__
04.01.2021 19:54:17:Method Skipped: get_EVA_cDirInfo_C__
04.01.2021 19:54:17:Method Skipped: get_EVA_Clienanhazip_c
04.01.2021 19:54:17:Method Skipped: get_EVA_datafileName_chem
04.01.2021 19:54:17:Method Skipped: get_EVA_EVA_Achread
04.01.2021 19:54:17:Method Skipped: get_EVA_GetMachine_Found___0_
04.01.2021 19:54:17:Method Skipped: get_EVA_GetMachineGuid
04.01.2021 19:54:17:Method Skipped: get_EVA_GetMachineGuid_In
04.01.2021 19:54:17:Method Skipped: get_EVA_GetMachinet_Crgraphy
04.01.2021 19:54:17:Method Skipped: get_EVA_GetPrinFingerPrint
04.01.2021 19:54:17:Method Skipped: get_EVA_GetPrit_
04.01.2021 19:54:17:Method Skipped: get_EVA_Gie
04.01.2021 19:54:17:Method Skipped: get_EVA_GiFiles____
04.01.2021 19:54:17:Method Skipped: get_EVA_Giv____
04.01.2021 19:54:17:Method Skipped: get_EVA_GiveAl_dll
04.01.2021 19:54:17:Method Skipped: get_EVA_GiveAlahk
04.01.2021 19:54:17:Method Skipped: get_EVA_GiveAllFiles_23
04.01.2021 19:54:17:Method Skipped: get_EVA_GiveAllFiles_23334
04.01.2021 19:54:17:Method Skipped: get_EVA_GiveAllFiles_234
04.01.2021 19:54:17:Method Skipped: get_EVA_GiveAllFiles_456
04.01.2021 19:54:17:Method Skipped: get_EVA_GiveAllFiles_4588
04.01.2021 19:54:17:Method Skipped: get_EVA_GiveAllFiles_55
04.01.2021 19:54:17:Method Skipped: get_EVA_Init345t
04.01.2021 19:54:17:Method Skipped: get_EVA_Initi7hrea78d
04.01.2021 19:54:17:Method Skipped: get_EVA_InitialStart_777fetched
04.01.2021 19:54:17:Method Skipped: get_EVA_InitL4
04.01.2021 19:54:17:Method Skipped: get_EVA_InitL567
04.01.2021 19:54:17:Method Skipped: get_EVA_InitLefef
04.01.2021 19:54:17:Method Skipped: get_EVA_InitLoade6777r_
04.01.2021 19:54:17:Method Skipped: get_EVA_InitLoader__png56565
04.01.2021 19:54:17:Method Skipped: get_EVA_InitLoader__txt33
04.01.2021 19:54:17:Method Skipped: get_EVA_InitLoader_Uni4554ty
04.01.2021 19:54:17:Method Skipped: get_EVA_InitLoatzzuder_
04.01.2021 19:54:17:Method Skipped: get_EVA_Message67Received_
04.01.2021 19:54:17:Method Skipped: get_EVA_MessageR45__1_6
04.01.2021 19:54:17:Method Skipped: get_EVA_MessageReceissssved____
04.01.2021 19:54:17:Method Skipped: get_EVA_MessageReceived_5656ex
04.01.2021 19:54:17:Method Skipped: get_EVA_MessageReceived_ISNULL54
04.01.2021 19:54:17:Method Skipped: get_EVA_MessageReceivedweerr
04.01.2021 19:54:17:Method Skipped: get_EVA_Pr90shes_
04.01.2021 19:54:17:Method Skipped: get_EVA_Proce90
04.01.2021 19:54:17:Method Skipped: get_EVA_serverI14
04.01.2021 19:54:17:Method Skipped: get_EVA_tempStorage_Cage_
04.01.2021 19:54:17:Method Skipped: get_InitLoader__0__1_ee
04.01.2021 19:54:17:Method Skipped: get_KnownFolders_on_ts
04.01.2021 19:54:17:Method Skipped: get_loadup_FILEDOESNTEXIST___
04.01.2021 19:54:17:Method Skipped: get_Locapdat_F1
04.01.2021 19:54:17:Method Skipped: get_location__0__1_
04.01.2021 19:54:17:Method Skipped: get_OptLoadeopt
04.01.2021 19:54:17:Method Skipped: get_OptLoader_saher_
04.01.2021 19:54:17:Method Skipped: get_Proce2ecess
04.01.2021 19:54:17:Method Skipped: get_ProcessHaj6
04.01.2021 19:54:17:Method Skipped: get_ProcessIn2e2erocesses_____root_CIMV2
04.01.2021 19:54:17:Method Skipped: get_ProcessInf2e2e2Info_
04.01.2021 19:54:17:Method Skipped: get_ProcessInfeeo_OnEvene
04.01.2021 19:54:17:Method Skipped: get_ProcessInfo_OnEveeevent
04.01.2021 19:54:17:Method Skipped: get_ProcessInfo_PreInfo__2
04.01.2021 19:54:17:Method Skipped: get_ProcessInfo_RunningProcesses_Caption
04.01.2021 19:54:17:Method Skipped: get_ProcessInfo_RunningProcesses_ExecutablePath
04.01.2021 19:54:17:Method Skipped: get_ProcessInfo_RunningProcesses_Name
04.01.2021 19:54:17:Method Skipped: get_ProcessInfo_RunningProcesses_Path
04.01.2021 19:54:17:Method Skipped: get_ProcessInfo_RunningProcesses_ProcessId
04.01.2021 19:54:17:Method Skipped: get_ProcessInfo_RunningProcesses_System_Int32
04.01.2021 19:54:17:Method Skipped: get_ProcessInfo_RunningProcesses_System_String
04.01.2021 19:54:17:Method Skipped: get_recent_AE
04.01.2021 19:54:17:Method Skipped: get_roaminap
04.01.2021 19:54:17:Method Skipped: .ctor
04.01.2021 19:54:17:NestedType: NERV.Neocortex/Cerebrum
04.01.2021 19:54:17:Method Skipped: .ctor
04.01.2021 19:54:17:Method Skipped: .cctor
04.01.2021 19:54:17:Method Skipped: .ctor
04.01.2021 20:00:32:NestedType: NERV.KFF/KnownFolderFlag
04.01.2021 20:00:32:Type Returned void : 
04.01.2021 20:00:32:Method Skipped: .cctor
04.01.2021 20:00:32:NestedType: NERV.EVA/<CalculateMD5>d__41
04.01.2021 20:00:32:Method Skipped: .ctor
04.01.2021 20:00:32:Method Skipped: MoveNext
04.01.2021 20:00:32:Method Skipped: SetStateMachine
04.01.2021 20:00:32:NestedType: NERV.EVA/<>c
04.01.2021 20:00:32:Method Skipped: .cctor
04.01.2021 20:00:32:Method Skipped: .ctor
04.01.2021 20:00:32:NestedType: NERV.EVA/<ProcessHashes>d__46
04.01.2021 20:00:32:Method Skipped: .ctor
04.01.2021 20:00:32:Method Skipped: MoveNext
04.01.2021 20:00:32:Method Skipped: SetStateMachine
04.01.2021 20:00:32:Method Skipped: .ctor
04.01.2021 20:00:32:Method Skipped: .cctor
04.01.2021 20:00:32:Method Skipped: .ctor
04.01.2021 20:00:32:Method Skipped: get_ResourceManager
04.01.2021 20:00:32:Method Skipped: get_Culture
04.01.2021 20:00:32:Method Skipped: set_Culture
04.01.2021 20:00:32:Method Skipped: get__11
04.01.2021 20:00:32:Method Skipped: get__12
04.01.2021 20:00:32:Method Skipped: get__13
04.01.2021 20:00:32:Method Skipped: get__14
04.01.2021 20:00:32:Method Skipped: get__15
04.01.2021 20:00:32:Method Skipped: get__16
04.01.2021 20:00:32:Method Skipped: get__17
04.01.2021 20:00:32:Method Skipped: get__18
04.01.2021 20:00:32:Method Skipped: get__19
04.01.2021 20:00:32:Method Skipped: get__2
04.01.2021 20:00:32:Method Skipped: get__20
04.01.2021 20:00:32:Method Skipped: get__21
04.01.2021 20:00:32:Method Skipped: get__22
04.01.2021 20:00:32:Method Skipped: get__23
04.01.2021 20:00:32:Method Skipped: get__24
04.01.2021 20:00:32:Method Skipped: get__255
04.01.2021 20:00:32:Method Skipped: get__26
04.01.2021 20:00:32:Method Skipped: get__27
04.01.2021 20:00:32:Method Skipped: get__28
04.01.2021 20:00:32:Method Skipped: get__29
04.01.2021 20:00:32:Method Skipped: get__300
04.01.2021 20:00:32:Method Skipped: get__31
04.01.2021 20:00:32:Method Skipped: get__32
04.01.2021 20:00:32:Method Skipped: get__33
04.01.2021 20:00:32:Method Skipped: get__34
04.01.2021 20:00:32:Method Skipped: get__35
04.01.2021 20:00:32:Method Skipped: get__36
04.01.2021 20:00:32:Method Skipped: get__37
04.01.2021 20:00:32:Method Skipped: get__38
04.01.2021 20:00:32:Method Skipped: get__39
04.01.2021 20:00:32:Method Skipped: get__40
04.01.2021 20:00:32:Method Skipped: get__41
04.01.2021 20:00:32:Method Skipped: get__42
04.01.2021 20:00:32:Method Skipped: get__43
04.01.2021 20:00:32:Method Skipped: get__44
04.01.2021 20:00:32:Method Skipped: get_Desktop_B4
04.01.2021 20:00:32:Method Skipped: get_Dls_
04.01.2021 20:00:32:Method Skipped: get_dns__Rusticaland_QuickLauncher_DNString
04.01.2021 20:00:32:Method Skipped: get_Docs_FD
04.01.2021 20:00:32:Method Skipped: get_eee333
04.01.2021 20:00:32:Method Skipped: get_EnumerateKnownFolders_wdd
04.01.2021 20:00:32:Method Skipped: get_EVA_Calculat5__
04.01.2021 20:00:32:Method Skipped: get_EVA_cDirInfo_C__
04.01.2021 20:00:32:Method Skipped: get_EVA_Clienanhazip_c
04.01.2021 20:00:32:Method Skipped: get_EVA_datafileName_chem
04.01.2021 20:00:32:Method Skipped: get_EVA_EVA_Achread
04.01.2021 20:00:32:Method Skipped: get_EVA_GetMachine_Found___0_
04.01.2021 20:00:32:Method Skipped: get_EVA_GetMachineGuid
04.01.2021 20:00:32:Method Skipped: get_EVA_GetMachineGuid_In
04.01.2021 20:00:32:Method Skipped: get_EVA_GetMachinet_Crgraphy
04.01.2021 20:00:32:Method Skipped: get_EVA_GetPrinFingerPrint
04.01.2021 20:00:32:Method Skipped: get_EVA_GetPrit_
04.01.2021 20:00:32:Method Skipped: get_EVA_Gie
04.01.2021 20:00:32:Method Skipped: get_EVA_GiFiles____
04.01.2021 20:00:32:Method Skipped: get_EVA_Giv____
04.01.2021 20:00:32:Method Skipped: get_EVA_GiveAl_dll
04.01.2021 20:00:32:Method Skipped: get_EVA_GiveAlahk
04.01.2021 20:00:32:Method Skipped: get_EVA_GiveAllFiles_23
04.01.2021 20:00:32:Method Skipped: get_EVA_GiveAllFiles_23334
04.01.2021 20:00:32:Method Skipped: get_EVA_GiveAllFiles_234
04.01.2021 20:00:32:Method Skipped: get_EVA_GiveAllFiles_456
04.01.2021 20:00:32:Method Skipped: get_EVA_GiveAllFiles_4588
04.01.2021 20:00:32:Method Skipped: get_EVA_GiveAllFiles_55
04.01.2021 20:00:32:Method Skipped: get_EVA_Init345t
04.01.2021 20:00:32:Method Skipped: get_EVA_Initi7hrea78d
04.01.2021 20:00:32:Method Skipped: get_EVA_InitialStart_777fetched
04.01.2021 20:00:32:Method Skipped: get_EVA_InitL4
04.01.2021 20:00:32:Method Skipped: get_EVA_InitL567
04.01.2021 20:00:32:Method Skipped: get_EVA_InitLefef
04.01.2021 20:00:32:Method Skipped: get_EVA_InitLoade6777r_
04.01.2021 20:00:32:Method Skipped: get_EVA_InitLoader__png56565
04.01.2021 20:00:32:Method Skipped: get_EVA_InitLoader__txt33
04.01.2021 20:00:32:Method Skipped: get_EVA_InitLoader_Uni4554ty
04.01.2021 20:00:32:Method Skipped: get_EVA_InitLoatzzuder_
04.01.2021 20:00:32:Method Skipped: get_EVA_Message67Received_
04.01.2021 20:00:32:Method Skipped: get_EVA_MessageR45__1_6
04.01.2021 20:00:32:Method Skipped: get_EVA_MessageReceissssved____
04.01.2021 20:00:32:Method Skipped: get_EVA_MessageReceived_5656ex
04.01.2021 20:00:32:Method Skipped: get_EVA_MessageReceived_ISNULL54
04.01.2021 20:00:32:Method Skipped: get_EVA_MessageReceivedweerr
04.01.2021 20:00:32:Method Skipped: get_EVA_Pr90shes_
04.01.2021 20:00:32:Method Skipped: get_EVA_Proce90
04.01.2021 20:00:32:Method Skipped: get_EVA_serverI14
04.01.2021 20:00:32:Method Skipped: get_EVA_tempStorage_Cage_
04.01.2021 20:00:32:Method Skipped: get_InitLoader__0__1_ee
04.01.2021 20:00:32:Method Skipped: get_KnownFolders_on_ts
04.01.2021 20:00:32:Method Skipped: get_loadup_FILEDOESNTEXIST___
04.01.2021 20:00:32:Method Skipped: get_Locapdat_F1
04.01.2021 20:00:32:Method Skipped: get_location__0__1_
04.01.2021 20:00:32:Method Skipped: get_OptLoadeopt
04.01.2021 20:00:32:Method Skipped: get_OptLoader_saher_
04.01.2021 20:00:32:Method Skipped: get_Proce2ecess
04.01.2021 20:00:32:Method Skipped: get_ProcessHaj6
04.01.2021 20:00:32:Method Skipped: get_ProcessIn2e2erocesses_____root_CIMV2
04.01.2021 20:00:32:Method Skipped: get_ProcessInf2e2e2Info_
04.01.2021 20:00:32:Method Skipped: get_ProcessInfeeo_OnEvene
04.01.2021 20:00:32:Method Skipped: get_ProcessInfo_OnEveeevent
04.01.2021 20:00:32:Method Skipped: get_ProcessInfo_PreInfo__2
04.01.2021 20:00:32:Method Skipped: get_ProcessInfo_RunningProcesses_Caption
04.01.2021 20:00:32:Method Skipped: get_ProcessInfo_RunningProcesses_ExecutablePath
04.01.2021 20:00:32:Method Skipped: get_ProcessInfo_RunningProcesses_Name
04.01.2021 20:00:32:Method Skipped: get_ProcessInfo_RunningProcesses_Path
04.01.2021 20:00:32:Method Skipped: get_ProcessInfo_RunningProcesses_ProcessId
04.01.2021 20:00:32:Method Skipped: get_ProcessInfo_RunningProcesses_System_Int32
04.01.2021 20:00:32:Method Skipped: get_ProcessInfo_RunningProcesses_System_String
04.01.2021 20:00:32:Method Skipped: get_recent_AE
04.01.2021 20:00:32:Method Skipped: get_roaminap
04.01.2021 20:00:32:Method Skipped: .ctor
04.01.2021 20:00:32:NestedType: NERV.Neocortex/Cerebrum
04.01.2021 20:00:32:Method Skipped: .ctor
04.01.2021 20:00:32:Method Skipped: .cctor
04.01.2021 20:00:32:Method Skipped: .ctor
04.01.2021 20:04:38:NestedType: NERV.KFF/KnownFolderFlag
04.01.2021 20:04:38:Type Returned void : 
04.01.2021 20:04:38:Method Skipped: .cctor
04.01.2021 20:04:38:NestedType: NERV.EVA/<CalculateMD5>d__41
04.01.2021 20:04:38:Method Skipped: .ctor
04.01.2021 20:04:38:Method Skipped: MoveNext
04.01.2021 20:04:38:Method Skipped: SetStateMachine
04.01.2021 20:04:38:NestedType: NERV.EVA/<>c
04.01.2021 20:04:38:Method Skipped: .cctor
04.01.2021 20:04:38:Method Skipped: .ctor
04.01.2021 20:04:38:NestedType: NERV.EVA/<ProcessHashes>d__46
04.01.2021 20:04:38:Method Skipped: .ctor
04.01.2021 20:04:38:Method Skipped: MoveNext
04.01.2021 20:04:38:Method Skipped: SetStateMachine
04.01.2021 20:04:38:Method Skipped: .ctor
04.01.2021 20:04:38:Method Skipped: .cctor
04.01.2021 20:04:38:Method Skipped: .ctor
04.01.2021 20:04:38:Method Skipped: get_ResourceManager
04.01.2021 20:04:38:Method Skipped: get_Culture
04.01.2021 20:04:38:Method Skipped: set_Culture
04.01.2021 20:04:38:Method Skipped: get__11
04.01.2021 20:04:38:Method Skipped: get__12
04.01.2021 20:04:38:Method Skipped: get__13
04.01.2021 20:04:38:Method Skipped: get__14
04.01.2021 20:04:38:Method Skipped: get__15
04.01.2021 20:04:38:Method Skipped: get__16
04.01.2021 20:04:38:Method Skipped: get__17
04.01.2021 20:04:38:Method Skipped: get__18
04.01.2021 20:04:38:Method Skipped: get__19
04.01.2021 20:04:38:Method Skipped: get__2
04.01.2021 20:04:38:Method Skipped: get__20
04.01.2021 20:04:38:Method Skipped: get__21
04.01.2021 20:04:38:Method Skipped: get__22
04.01.2021 20:04:38:Method Skipped: get__23
04.01.2021 20:04:38:Method Skipped: get__24
04.01.2021 20:04:38:Method Skipped: get__255
04.01.2021 20:04:38:Method Skipped: get__26
04.01.2021 20:04:38:Method Skipped: get__27
04.01.2021 20:04:38:Method Skipped: get__28
04.01.2021 20:04:38:Method Skipped: get__29
04.01.2021 20:04:38:Method Skipped: get__300
04.01.2021 20:04:38:Method Skipped: get__31
04.01.2021 20:04:38:Method Skipped: get__32
04.01.2021 20:04:38:Method Skipped: get__33
04.01.2021 20:04:38:Method Skipped: get__34
04.01.2021 20:04:38:Method Skipped: get__35
04.01.2021 20:04:38:Method Skipped: get__36
04.01.2021 20:04:38:Method Skipped: get__37
04.01.2021 20:04:38:Method Skipped: get__38
04.01.2021 20:04:38:Method Skipped: get__39
04.01.2021 20:04:38:Method Skipped: get__40
04.01.2021 20:04:38:Method Skipped: get__41
04.01.2021 20:04:38:Method Skipped: get__42
04.01.2021 20:04:38:Method Skipped: get__43
04.01.2021 20:04:38:Method Skipped: get__44
04.01.2021 20:04:38:Method Skipped: get_Desktop_B4
04.01.2021 20:04:38:Method Skipped: get_Dls_
04.01.2021 20:04:38:Method Skipped: get_dns__Rusticaland_QuickLauncher_DNString
04.01.2021 20:04:38:Method Skipped: get_Docs_FD
04.01.2021 20:04:38:Method Skipped: get_eee333
04.01.2021 20:04:38:Method Skipped: get_EnumerateKnownFolders_wdd
04.01.2021 20:04:38:Method Skipped: get_EVA_Calculat5__
04.01.2021 20:04:38:Method Skipped: get_EVA_cDirInfo_C__
04.01.2021 20:04:38:Method Skipped: get_EVA_Clienanhazip_c
04.01.2021 20:04:38:Method Skipped: get_EVA_datafileName_chem
04.01.2021 20:04:38:Method Skipped: get_EVA_EVA_Achread
04.01.2021 20:04:38:Method Skipped: get_EVA_GetMachine_Found___0_
04.01.2021 20:04:38:Method Skipped: get_EVA_GetMachineGuid
04.01.2021 20:04:38:Method Skipped: get_EVA_GetMachineGuid_In
04.01.2021 20:04:38:Method Skipped: get_EVA_GetMachinet_Crgraphy
04.01.2021 20:04:38:Method Skipped: get_EVA_GetPrinFingerPrint
04.01.2021 20:04:38:Method Skipped: get_EVA_GetPrit_
04.01.2021 20:04:38:Method Skipped: get_EVA_Gie
04.01.2021 20:04:38:Method Skipped: get_EVA_GiFiles____
04.01.2021 20:04:38:Method Skipped: get_EVA_Giv____
04.01.2021 20:04:38:Method Skipped: get_EVA_GiveAl_dll
04.01.2021 20:04:38:Method Skipped: get_EVA_GiveAlahk
04.01.2021 20:04:38:Method Skipped: get_EVA_GiveAllFiles_23
04.01.2021 20:04:38:Method Skipped: get_EVA_GiveAllFiles_23334
04.01.2021 20:04:38:Method Skipped: get_EVA_GiveAllFiles_234
04.01.2021 20:04:38:Method Skipped: get_EVA_GiveAllFiles_456
04.01.2021 20:04:38:Method Skipped: get_EVA_GiveAllFiles_4588
04.01.2021 20:04:38:Method Skipped: get_EVA_GiveAllFiles_55
04.01.2021 20:04:38:Method Skipped: get_EVA_Init345t
04.01.2021 20:04:38:Method Skipped: get_EVA_Initi7hrea78d
04.01.2021 20:04:38:Method Skipped: get_EVA_InitialStart_777fetched
04.01.2021 20:04:38:Method Skipped: get_EVA_InitL4
04.01.2021 20:04:38:Method Skipped: get_EVA_InitL567
04.01.2021 20:04:38:Method Skipped: get_EVA_InitLefef
04.01.2021 20:04:38:Method Skipped: get_EVA_InitLoade6777r_
04.01.2021 20:04:38:Method Skipped: get_EVA_InitLoader__png56565
04.01.2021 20:04:38:Method Skipped: get_EVA_InitLoader__txt33
04.01.2021 20:04:38:Method Skipped: get_EVA_InitLoader_Uni4554ty
04.01.2021 20:04:38:Method Skipped: get_EVA_InitLoatzzuder_
04.01.2021 20:04:38:Method Skipped: get_EVA_Message67Received_
04.01.2021 20:04:38:Method Skipped: get_EVA_MessageR45__1_6
04.01.2021 20:04:38:Method Skipped: get_EVA_MessageReceissssved____
04.01.2021 20:04:38:Method Skipped: get_EVA_MessageReceived_5656ex
04.01.2021 20:04:38:Method Skipped: get_EVA_MessageReceived_ISNULL54
04.01.2021 20:04:38:Method Skipped: get_EVA_MessageReceivedweerr
04.01.2021 20:04:38:Method Skipped: get_EVA_Pr90shes_
04.01.2021 20:04:38:Method Skipped: get_EVA_Proce90
04.01.2021 20:04:38:Method Skipped: get_EVA_serverI14
04.01.2021 20:04:38:Method Skipped: get_EVA_tempStorage_Cage_
04.01.2021 20:04:38:Method Skipped: get_InitLoader__0__1_ee
04.01.2021 20:04:38:Method Skipped: get_KnownFolders_on_ts
04.01.2021 20:04:38:Method Skipped: get_loadup_FILEDOESNTEXIST___
04.01.2021 20:04:38:Method Skipped: get_Locapdat_F1
04.01.2021 20:04:38:Method Skipped: get_location__0__1_
04.01.2021 20:04:38:Method Skipped: get_OptLoadeopt
04.01.2021 20:04:38:Method Skipped: get_OptLoader_saher_
04.01.2021 20:04:38:Method Skipped: get_Proce2ecess
04.01.2021 20:04:38:Method Skipped: get_ProcessHaj6
04.01.2021 20:04:38:Method Skipped: get_ProcessIn2e2erocesses_____root_CIMV2
04.01.2021 20:04:38:Method Skipped: get_ProcessInf2e2e2Info_
04.01.2021 20:04:38:Method Skipped: get_ProcessInfeeo_OnEvene
04.01.2021 20:04:38:Method Skipped: get_ProcessInfo_OnEveeevent
04.01.2021 20:04:38:Method Skipped: get_ProcessInfo_PreInfo__2
04.01.2021 20:04:38:Method Skipped: get_ProcessInfo_RunningProcesses_Caption
04.01.2021 20:04:38:Method Skipped: get_ProcessInfo_RunningProcesses_ExecutablePath
04.01.2021 20:04:38:Method Skipped: get_ProcessInfo_RunningProcesses_Name
04.01.2021 20:04:38:Method Skipped: get_ProcessInfo_RunningProcesses_Path
04.01.2021 20:04:38:Method Skipped: get_ProcessInfo_RunningProcesses_ProcessId
04.01.2021 20:04:38:Method Skipped: get_ProcessInfo_RunningProcesses_System_Int32
04.01.2021 20:04:38:Method Skipped: get_ProcessInfo_RunningProcesses_System_String
04.01.2021 20:04:38:Method Skipped: get_recent_AE
04.01.2021 20:04:38:Method Skipped: get_roaminap
04.01.2021 20:04:38:Method Skipped: .ctor
04.01.2021 20:04:38:NestedType: NERV.Neocortex/Cerebrum
04.01.2021 20:04:38:Method Skipped: .ctor
04.01.2021 20:04:38:Method Skipped: .cctor
04.01.2021 20:04:38:Method Skipped: .ctor
